<?xml version="1.0" encoding="UTF-8"?>
<testng-results skipped="0" failed="0" ignored="4" total="6" passed="2">
  <reporter-output>
  </reporter-output>
  <suite name="Capsule CRM Test" duration-ms="1415" started-at="2019-09-30T12:53:31Z" finished-at="2019-09-30T12:53:32Z">
    <groups>
    </groups>
    <test name="Add New User Test" duration-ms="1415" started-at="2019-09-30T12:53:31Z" finished-at="2019-09-30T12:53:32Z">
      <class name="capsulecrm.AddPersonTest">
        <test-method status="PASS" signature="login()[pri:0, instance:capsulecrm.AddPersonTest@c267ef4]" name="login" is-config="true" duration-ms="18553" started-at="2019-09-30T14:53:12Z" finished-at="2019-09-30T14:53:31Z">
          <reporter-output>
          </reporter-output>
        </test-method> <!-- login -->
      </class> <!-- capsulecrm.AddPersonTest -->
      <class name="capsulecrm.ConfigurationTest">
        <test-method status="PASS" signature="clickAccountSettings()[pri:0, instance:capsulecrm.ConfigurationTest@30ee2816]" name="clickAccountSettings" duration-ms="1243" started-at="2019-09-30T14:53:31Z" finished-at="2019-09-30T14:53:32Z">
          <reporter-output>
          </reporter-output>
        </test-method> <!-- clickAccountSettings -->
        <test-method status="PASS" signature="titleAccount()[pri:0, instance:capsulecrm.ConfigurationTest@30ee2816]" name="titleAccount" duration-ms="83" started-at="2019-09-30T14:53:32Z" depends-on-methods="capsulecrm.ConfigurationTest.clickAccountSettings" finished-at="2019-09-30T14:53:32Z">
          <reporter-output>
          </reporter-output>
        </test-method> <!-- titleAccount -->
      </class> <!-- capsulecrm.ConfigurationTest -->
    </test> <!-- Add New User Test -->
  </suite> <!-- Capsule CRM Test -->
</testng-results>
