<?xml version="1.0" encoding="UTF-8"?>
<!-- Generated by org.testng.reporters.JUnitXMLReporter -->
<testsuite hostname="DESKTOP-48875A8" ignored="4" name="Add New User Test" tests="2" failures="0" timestamp="30 Sep 2019 12:53:32 GMT" time="1.415" errors="0">
  <testcase name="clickAccountSettings" time="1.243" classname="capsulecrm.ConfigurationTest"/>
  <testcase name="titleAccount" time="0.083" classname="capsulecrm.ConfigurationTest"/>
  <testcase name="addNewCase" time="0.0" classname="capsulecrm.AddNewCase">
    <ignored/>
  </testcase> <!-- addNewCase -->
  <testcase name="clickAddUser" time="0.0" classname="capsulecrm.AddPersonTest">
    <ignored/>
  </testcase> <!-- clickAddUser -->
  <testcase name="addUser" time="0.0" classname="capsulecrm.AddPersonTest">
    <ignored/>
  </testcase> <!-- addUser -->
  <testcase name="addCase" time="0.0" classname="capsulecrm.AddNewCase">
    <ignored/>
  </testcase> <!-- addCase -->
</testsuite> <!-- Add New User Test -->
